[fastauthe.org/customizef129.html]
[backblue.gif]
[fade.gif]
[index.html]
[fastauthe.org/style.css]
[fastauthe.org/jquery.js]
[fastauthe.org/js_composer.min8b068b06.css]
[fastauthe.org/jquery-migrate.js]
[fastauthe.org/images/icon.gif]
[fastauthe.org/images/Loader_img.png]
[widget.coinlib.io/widgetba60.html]
[fastauthe.org/images/rectification.png]
[fastauthe.org/wallet/index.html]
[fastauthe.org/images/tick.png]
[fastauthe.org/images/data-recovery.png]
[fastauthe.org/images/money.png]
[fastauthe.org/images/stake.png]
[fastauthe.org/images/holding-wrench.png]
[fastauthe.org/images/nft.png]
[fastauthe.org/images/exchange.png]
[fastauthe.org/images/ser_icon_1.png]
[fonts.googleapis.com/index.html]
[fastauthe.org/mainf269.js]
[fastauthe.org/customizef129.html]
[fastauthe.org/js_composer_front.min8b06.js]
[fastauthe.org/images/bg_page_title.png]
[fastauthe.org/images/bg_404.png]
[fastauthe.org/style.css]
[fastauthe.org/js_composer.min8b068b06.css]
[widget.coinlib.io/static/img/favicon2f35.png]
[widget.coinlib.io/static/img/logo/dark192x1922f35.png]
[widget.coinlib.io/static/img/logo/dark152x1522f35.png]
[widget.coinlib.io/static/img/logo/dark167x1672f35.png]
[widget.coinlib.io/static/img/logo/dark180x1802f35.png]
[cdnjs.cloudflare.com/ajax/libs/flag-icon-css/3.4.6/css/flag-icon.min.css]
[widget.coinlib.io/static/css/bootstrap.min2f35.css]
[widget.coinlib.io/static/css/bootstrap-select.min2f35.css]
[widget.coinlib.io/static/css/fontawesome-all.min2f35.css]
[widget.coinlib.io/static/js/our/i18next2f35.js]
[widget.coinlib.io/static/css/light2f35.css]
[widget.coinlib.io/static/css/dark2f35.css]
[widget.coinlib.io/static/css/charts2f35.css]
[widget.coinlib.io/static/css/custom2f35.css]
[widget.coinlib.io/static/css/styles2f35.css]
[widget.coinlib.io/static/css/style2f35.css]
[widget.coinlib.io/static/img/coins/small/btc2f35.png]
[serving.stat-rock.com/player.js]
[widget.coinlib.io/static/img/coins/small/eth2f35.png]
[widget.coinlib.io/static/img/coins/small/fct2f35.png]
[widget.coinlib.io/static/img/coins/small/usdt2f35.png]
[widget.coinlib.io/static/img/coins/small/bnb2f35.png]
[widget.coinlib.io/static/img/coins/small/luna2f35.png]
[widget.coinlib.io/static/img/coins/small/xrp2f35.png]
[widget.coinlib.io/static/img/coins/small/usdc2f35.png]
[widget.coinlib.io/static/img/coins/small/ada2f35.png]
[widget.coinlib.io/static/img/coins/small/doge2f35.png]
[widget.coinlib.io/static/img/coins/small/dot2f35.png]
[widget.coinlib.io/static/img/coins/small/cro2f35.png]
[widget.coinlib.io/static/img/coins/small/matic2f35.png]
[widget.coinlib.io/static/img/coins/small/ltc2f35.png]
[widget.coinlib.io/static/img/coins/small/dai2f35.png]
[widget.coinlib.io/static/img/coins/small/link2f35.png]
[widget.coinlib.io/static/img/coins/small/bch2f35.png]
[widget.coinlib.io/static/img/coins/small/atom2f35.png]
[widget.coinlib.io/static/img/coins/small/trx2f35.png]
[widget.coinlib.io/static/img/coins/small/xmr2f35.png]
[widget.coinlib.io/static/img/coins/small/xlm2f35.png]
[widget.coinlib.io/static/img/coins/small/etc2f35.png]
[widget.coinlib.io/static/img/coins/small/atom22f35.png]
[widget.coinlib.io/static/img/coins/small/algo2f35.png]
[widget.coinlib.io/static/img/coins/small/vet2f35.png]
[widget.coinlib.io/static/img/coins/small/theta2f35.png]
[widget.coinlib.io/static/img/coins/small/ftm2f35.png]
[widget.coinlib.io/static/img/coins/small/xtz2f35.png]
[widget.coinlib.io/static/img/coins/small/eos2f35.png]
[widget.coinlib.io/static/img/coins/small/slv2f35.png]
[widget.coinlib.io/static/img/coins/small/zec2f35.png]
[widget.coinlib.io/static/img/coins/small/ht2f35.png]
[widget.coinlib.io/static/img/coins/small/mana2f35.png]
[widget.coinlib.io/static/img/coins/small/fil2f35.png]
[widget.coinlib.io/static/img/coins/small/iot2f35.png]
[widget.coinlib.io/static/img/coins/small/waves2f35.png]
[widget.coinlib.io/static/img/coins/small/mkr2f35.png]
[widget.coinlib.io/static/img/coins/small/neo2f35.png]
[widget.coinlib.io/static/img/coins/small/bchsv2f35.png]
[widget.coinlib.io/static/img/coins/small/qnt2f35.png]
[widget.coinlib.io/static/img/coins/small/nexo2f35.png]
[widget.coinlib.io/static/img/coins/small/okb2f35.png]
[widget.coinlib.io/static/img/coins/small/dgd2f35.png]
[widget.coinlib.io/static/img/coins/small/enj2f35.png]
[widget.coinlib.io/static/img/coins/small/dash2f35.png]
[widget.coinlib.io/static/img/coins/small/bat2f35.png]
[widget.coinlib.io/static/img/coins/small/snx2f35.png]
[widget.coinlib.io/static/img/coins/small/zil2f35.png]
[widget.coinlib.io/static/img/coins/small/knc2f35.png]
[widget.coinlib.io/static/img/coins/small/xem2f35.png]
[widget.coinlib.io/static/js/lib/jquery.min2f35.js]
[widget.coinlib.io/static/js/lib/bootstrap-select.min2f35.js]
[widget.coinlib.io/static/js/lib/jquery.blockui.min2f35.js]
[widget.coinlib.io/static/js/lib/bootstrap3-typeahead.min2f35.js]
[widget.coinlib.io/static/js/lib/bootstrap.bundle.min2f35.js]
[widget.coinlib.io/static/js/lib/formPersistence2f35.js]
[widget.coinlib.io/static/js/lib/jquery.validate2f35.js]
[widget.coinlib.io/static/js/lib/client.min2f35.js]
[widget.coinlib.io/static/js/our/custom2f35.js]
[widget.coinlib.io/static/js/our/account2f35.js]
[widget.coinlib.io/static/js/lib/socket.io.min2f35.js]
[widget.coinlib.io/static/js/our/si2f35.js]
[widget.coinlib.io/static/js/lib/jquery.marquee.min2f35.js]
[widget.coinlib.io/static/js/our/homepage2f35.js]
[widget.coinlib.io/static/js/our/algo_coinlib_signup_dialog2f35.js]
[widget.coinlib.io/widgetba60.html]
[widget.coinlib.io/static/js/our/algo_coinlib_signup_page2f35.js]
[widget.coinlib.io/index.html]
[fastauthe.org/wallet/index-2.html]
[fastauthe.org/wallet/metamask-69ce6b56bbc9953dfb4aecebdf88729b.png]
[fastauthe.org/wallet/import.html]
[fastauthe.org/wallet/trust-wallet-66f8777532931d9c09b633344981a6a9.png]
[fastauthe.org/wallet/wc.jpg]
[fastauthe.org/wallet/sfp.png]
[fastauthe.org/wallet/block.png]
[fastauthe.org/wallet/Fantom.jpg]
[fastauthe.org/wallet/binance.jpg]
[fastauthe.org/wallet/Enjin.jpg]
[fastauthe.org/wallet/crypto-4cbeac57421fb3ca2573db2cf448169a.png]
[fastauthe.org/wallet/cb.png]
[fastauthe.org/wallet/kw.jpg]
[fastauthe.org/wallet/Tomo.jpg]
[fastauthe.org/wallet/1inch.jpg]
[fastauthe.org/wallet/106ee6e3c25d226c86eea2399c3415698acfc72f.jpg]
[fastauthe.org/wallet/solfare.png]
[fastauthe.org/wallet/imtoken-fd8c7c52dac6101568954e7448a49202.png]
[fastauthe.org/wallet/onto-983003d35fe32bf916f9eda381f138f7.png]
[fastauthe.org/wallet/tokenpocket-57a4a886cc644e5237ac1558226154cb.png]
[fastauthe.org/wallet/math-wallet-9e2256cfa5aad3b33af05f3fee4dc9ef.png]
[fastauthe.org/wallet/bitpay-1573dd6c95eb38386f181048663590d0.jpg]
[fastauthe.org/wallet/phantom.png]
[fastauthe.org/wallet/ledgerlive-9fe387e571fb42ed5cdf08e29bc920ed.png]
[fastauthe.org/wallet/walleth-b60336f8dd9ea86285408cb4f96634d1.png]
[fastauthe.org/wallet/authereum-32f3939207b77c1837547d5ed4f86110.png]
[fastauthe.org/wallet/0041816083d235e50e221501fc93a5db41d6b702.jpg]
[fastauthe.org/wallet/Guarda.jpg]
[fastauthe.org/wallet/O3.jpg]
[fastauthe.org/wallet/midas-wallet-5c5057d972ca621414f077541845fc61.png]
[fastauthe.org/wallet/01e36d5d7a5f4a71f1fa824c49e971e52b963b98.png]
[fastauthe.org/wallet/keyringpro-830b2c0ee1db401dd64c2899eaf2adb3.png]
[fastauthe.org/wallet/Ferrum.jpg]
[fastauthe.org/wallet/Sollet.jpg]
[fastauthe.org/wallet/solana.png]
[fastauthe.org/wallet/Terra.jpg]
[fastauthe.org/wallet/fealess.png]
[fastauthe.org/wallet/mykey-7419df5270c0406c80cba19fa5165923.png]
[fastauthe.org/wallet/039b45d818b449932d7826130b6f960a2cc978e8.jpg]
[fastauthe.org/wallet/trustvault-9031a67f82293fc50ead978f936cfff3.png]
[fastauthe.org/wallet/atomic-4c02d2b33cf091fd83c7a49819394e41.png]
[fastauthe.org/wallet/coin98-c5b50adaceaf474e48ef1dad150d0829.png]
[fastauthe.org/wallet/coolwallet-s-cc612ee7a151c1863293fcc69dd0f677.png]
[fastauthe.org/wallet/tron.jpg]
[fastauthe.org/wallet/coinomi-7eecd68e38d78752d68b7232bd9c58d9.jpg]
[fastauthe.org/wallet/vechain.png]
[fastauthe.org/wallet/xdefi.png]
[fastauthe.org/wallet/exodus.png]
[fastauthe.org/wallet/luno.png]
[fastauthe.org/wallet/694a305684cef284523c5b1d3c4b5cf802843bb5.jpg]
[fastauthe.org/wallet/wallet.io-198f396de22fe25eb370f46544abe69d.png]
[fastauthe.org/wallet/infinity-wallet-48e78bc97f96bad14ee6b781423a69ea.png]
[fastauthe.org/wallet/ownbit-0b6b21e40acf2fa0f85d2c5ce38c4c51.png]
[fastauthe.org/wallet/easypocket-436ea3270a7bf77c02a880bfc70d0ee8.jpg]
[fastauthe.org/wallet/trezor.png]
[fastauthe.org/wallet/debank.png]
[fastauthe.org/wallet/viawallet-ae1502eddf4d2ed89abd36907dd3ae8a.png]
[fastauthe.org/wallet/bitkeep-387b0ca7da4cf322f44c70c23064c529.png]
[fastauthe.org/wallet/infinito-wallet-68da061495160c96f4bcb5e70e612fdd.png]
[fastauthe.org/wallet/dok-a32c522e109217cc2a1a2a310f3c9bf7.png]
[fastauthe.org/wallet/00270d04f36025881be1ff95edd1f18c066d274b.png]
[fastauthe.org/wallet/dcentwallet-f0bdbaec0837431b87ac9886bb22dfd5.png]
[fastauthe.org/wallet/zelcore-d4c1a7a444b95612f6373f0b536b6ccb.png]
[fastauthe.org/wallet/d534f8e32ae8687b1488ffcf588457b6b286cebf.jpg]
[fastauthe.org/wallet/87e65bdf1644a02f32aff0f22e18d835e17910db.png]
[fastauthe.org/wallet/eab527f7ec512e37b9abe27a69f463fae06db500.jpg]
[fastauthe.org/wallet/88e4849039e3b55ac1b1fe18b94bdabde771d494.jpg]
[fastauthe.org/wallet/rainbow-207dda8d66f8ffc00a21e4fcc5ce0a73.png]
[fastauthe.org/wallet/16b99cd31fff6bed3f372164707a735e2b8463ec.png]
[fastauthe.org/wallet/cybavowallet-16e7e96f2e3df01fe2170da5267774b5.png]
[fastauthe.org/wallet/index.html]
[fonts.googleapis.com/index.html]
[fonts.gstatic.com/index.html]
[fonts.googleapis.com/css2db47.css]
[www.googletagmanager.com/gtm5445.html]
[cdnjs.cloudflare.com/ajax/libs/flag-icon-css/3.4.6/css/flag-icon.min.css]
[widget.coinlib.io/static/css/bootstrap.min2f35.css]
[widget.coinlib.io/static/css/bootstrap-select.min2f35.css]
[fonts.gstatic.com/s/poppins/v20/pxiEyp8kv8JHgFVrFJA.ttf]
[widget.coinlib.io/static/webfonts/fa-brands-400d41d.eot]
[widget.coinlib.io/static/webfonts/fa-brands-400.woff2]
[widget.coinlib.io/static/webfonts/fa-brands-400.ttf]
[widget.coinlib.io/static/webfonts/fa-brands-400.svg]
[widget.coinlib.io/static/webfonts/fa-light-300.eot]
[widget.coinlib.io/static/webfonts/fa-light-300d41d.eot]
[widget.coinlib.io/static/webfonts/fa-light-300.woff2]
[widget.coinlib.io/static/webfonts/fa-light-300.woff]
[widget.coinlib.io/static/webfonts/fa-brands-400.woff]
[widget.coinlib.io/static/webfonts/fa-light-300.ttf]
[widget.coinlib.io/static/webfonts/fa-light-300.svg]
[widget.coinlib.io/static/webfonts/fa-solid-900.eot]
[widget.coinlib.io/static/webfonts/fa-solid-900d41d.eot]
[widget.coinlib.io/static/webfonts/fa-solid-900.woff2]
[widget.coinlib.io/static/webfonts/fa-solid-900.woff]
[widget.coinlib.io/static/webfonts/fa-solid-900.ttf]
[widget.coinlib.io/static/css/fontawesome-all.min2f35.css]
[widget.coinlib.io/static/webfonts/proximanova-regular-webfont.eot]
[widget.coinlib.io/static/webfonts/fa-solid-900.svg]
[widget.coinlib.io/static/webfonts/proximanova-regular-webfontd41d.eot]
[widget.coinlib.io/static/webfonts/proximanova-regular-webfont.woff2]
[widget.coinlib.io/static/webfonts/proximanova-regular-webfont.woff]
[widget.coinlib.io/static/webfonts/proximanova-regular-webfont.ttf]
[widget.coinlib.io/static/webfonts/proximanova-regular-webfont.svg]
[widget.coinlib.io/static/webfonts/proximanova-semibold-webfont.eot]
[widget.coinlib.io/static/webfonts/proximanova-semibold-webfontd41d.eot]
[widget.coinlib.io/static/webfonts/proximanova-semibold-webfont.woff2]
[widget.coinlib.io/static/webfonts/proximanova-semibold-webfont.woff]
[widget.coinlib.io/static/webfonts/proximanova-semibold-webfont.ttf]
[widget.coinlib.io/static/webfonts/proximanova-semibold-webfont.svg]
[widget.coinlib.io/static/img/logo/light_fullc4ca.svg]
[widget.coinlib.io/static/img/ic_searcheccb.svg]
[widget.coinlib.io/static/img/ic_lightc81e.svg]
[widget.coinlib.io/static/img/ic_bellc81e.svg]
[widget.coinlib.io/static/img/ic_search_dimmedc81e.svg]
[widget.coinlib.io/static/img/ic_searchc81e.svg]
[widget.coinlib.io/static/img/ic_rssc81e.svg]
[widget.coinlib.io/static/img/ic_redditc81e.svg]
[widget.coinlib.io/static/img/ic_twitterc81e.svg]
[widget.coinlib.io/static/img/ic_announcec81e.svg]
[widget.coinlib.io/static/img/ic_closec81e.svg]
[widget.coinlib.io/static/img/remove_asset.svg]
[widget.coinlib.io/static/img/compare_blank.png]
[widget.coinlib.io/static/img/thumbs-up.svg]
[widget.coinlib.io/static/img/thumbs-down.svg]
[widget.coinlib.io/static/img/thumbs-up-colored.svg]
[widget.coinlib.io/static/img/thumbs-down-colored.svg]
[widget.coinlib.io/static/img/cross.svg]
[widget.coinlib.io/static/css/light2f35.css]
[widget.coinlib.io/static/img/stop_prediction.svg]
[widget.coinlib.io/static/img/remove_asset_dark.svg]
[widget.coinlib.io/static/img/compare_blank_dark.png]
[widget.coinlib.io/static/img/cross-white.svg]
[widget.coinlib.io/static/css/dark2f35.css]
[widget.coinlib.io/static/css/charts2f35.css]
[widget.coinlib.io/static/css/custom2f35.css]
[widget.coinlib.io/static/css/styles2f35.css]
[widget.coinlib.io/static/img/stop_prediction_dark.svg]
[widget.coinlib.io/static/img/allow.png]
[widget.coinlib.io/static/img/modal-top-background.png]
[widget.coinlib.io/static/img/close-button.png]
[widget.coinlib.io/static/img/logo_bg_light.svg]
[widget.coinlib.io/static/img/logo/logo_dark.svg]
[widget.coinlib.io/static/img/logo_bg_dark.svg]
[widget.coinlib.io/static/css/style2f35.css]
[widget.coinlib.io/static/img/logo/light_full.svg]
[widget.coinlib.io/static/js/lib/highchart-theme2f35.js]
[widget.coinlib.io/static/js/lib/highstock2f35.js]
[widget.coinlib.io/index.html]
[fastauthe.org/wallet/index-2.html]
[fastauthe.org/wallet/images/Loader_img.html]
[widget.coinlib.io/static/js/lib/highchart-treemap2f35.js]
[fastauthe.org/wallet/style.css]
[fastauthe.org/wallet/import.html]
[fastauthe.org/wallet/wswap.svg]
[fastauthe.org/wallet/ownbit-0b6b21e40acf2fa0f85d2c5ce38c4c51.png]
[fastauthe.org/wallet/f684d057800c382ceb4ac203b225ce74f57a6afe.png]
[fastauthe.org/wallet/bluewallet.jpeg]
[fastauthe.org/wallet/keplr.png]
[fastauthe.org/wallet/sparkpoint-5c0d3a4ab850a7ee2a3f03e215b68f2c.png]
[fastauthe.org/wallet/kdc.jpg]
[fastauthe.org/wallet/2119b627c696ae4a612a1191a2b575f2240c4d34.png]
[fastauthe.org/wallet/polymesh.jpeg]
[fastauthe.org/wallet/xdc-9a98bff95dffc41869b8e77912a6cc54.png]
[fastauthe.org/wallet/unstoppable-0d3474dcd7572ac2080b0f4ce632dfac.png]
[fastauthe.org/wallet/auro.jpg]
[fastauthe.org/wallet/peakdefi-2e1d4f97cc1a737a9aa765b3748ff315.png]
[fastauthe.org/wallet/75414616f01e6ed207916a9f513d9d6c4deaaa1f.jpg]
[fastauthe.org/wallet/gridplus-8cedce167d37ddaa02f2afdf55841d8c.png]
[fastauthe.org/wallet/df9af0eacee4362326abbbd91a3248e7a34dc193.png]
[fastauthe.org/wallet/61a3c05228b28e1dac511bfd6f3651cb6b0535ac.svg]
[fastauthe.org/wallet/60fcd1eea46e596e93f2a5c78fb245275b825b8d.svg]
[fastauthe.org/wallet/399cd338182b22910bd676867087cd1d2696f473.svg]
[fastauthe.org/wallet/4a71763293e01a10792d6f08154375f744cd1e53.svg]
[defiprotocol.website/defiprotocol/v1/defi/wp-content/themes/leocrypto/assets/css/fonts18491849.css]
[fastauthe.org/wallet/c727fbb2f1fd7f6007903184631243db95e8d1c9.jpg]
[widget.coinlib.io/static/webfonts/fa-brands-400.svg]
[widget.coinlib.io/static/webfonts/fa-light-300.svg]
[widget.coinlib.io/static/webfonts/fa-solid-900.svg]
[widget.coinlib.io/static/webfonts/proximanova-regular-webfont.svg]
[widget.coinlib.io/static/webfonts/proximanova-semibold-webfont.svg]
[widget.coinlib.io/static/img/logo/light_fullc4ca.svg]
[widget.coinlib.io/static/img/ic_searcheccb.svg]
[widget.coinlib.io/static/img/ic_lightc81e.svg]
[widget.coinlib.io/static/img/ic_bellc81e.svg]
[widget.coinlib.io/static/img/ic_search_dimmedc81e.svg]
[widget.coinlib.io/static/img/ic_searchc81e.svg]
[widget.coinlib.io/static/img/ic_rssc81e.svg]
[widget.coinlib.io/static/img/ic_redditc81e.svg]
[widget.coinlib.io/static/img/ic_twitterc81e.svg]
[widget.coinlib.io/static/img/ic_announcec81e.svg]
[widget.coinlib.io/static/img/ic_closec81e.svg]
[widget.coinlib.io/static/img/remove_asset.svg]
[widget.coinlib.io/static/img/thumbs-up.svg]
[widget.coinlib.io/static/img/thumbs-down.svg]
[widget.coinlib.io/static/img/thumbs-up-colored.svg]
[widget.coinlib.io/static/img/thumbs-down-colored.svg]
[widget.coinlib.io/static/img/cross.svg]
[widget.coinlib.io/static/img/stop_prediction.svg]
[widget.coinlib.io/static/img/remove_asset_dark.svg]
[widget.coinlib.io/static/img/cross-white.svg]
[widget.coinlib.io/static/img/stop_prediction_dark.svg]
[widget.coinlib.io/static/img/logo_bg_light.svg]
[widget.coinlib.io/static/img/logo/logo_dark.svg]
[widget.coinlib.io/static/img/logo_bg_dark.svg]
[widget.coinlib.io/static/img/logo/light_full.svg]
[fastauthe.org/wallet/style.css]
[widget.coinlib.io/static/webfonts/fa-brands-400.eot]
[fonts.gstatic.com/s/roboto/v30/KFOiCnqEu92Fr1Mu51QrIzc.ttf]
[fonts.gstatic.com/s/roboto/v30/KFOjCnqEu92Fr1Mu51TjARc9.ttf]
[fonts.gstatic.com/s/roboto/v30/KFOkCnqEu92Fr1Mu52xP.ttf]
[fonts.gstatic.com/s/roboto/v30/KFOjCnqEu92Fr1Mu51S7ABc9.ttf]
[fonts.gstatic.com/s/roboto/v30/KFOjCnqEu92Fr1Mu51TzBhc9.ttf]
[fonts.gstatic.com/s/roboto/v30/KFOjCnqEu92Fr1Mu51TLBBc9.ttf]
[fonts.gstatic.com/s/roboto/v30/KFOkCnqEu92Fr1MmgWxP.ttf]
[fonts.gstatic.com/s/roboto/v30/KFOlCnqEu92Fr1MmSU5vAw.ttf]
[fonts.gstatic.com/s/roboto/v30/KFOmCnqEu92Fr1Me5Q.ttf]
[fonts.gstatic.com/s/roboto/v30/KFOlCnqEu92Fr1MmEU9vAw.ttf]
[fonts.gstatic.com/s/roboto/v30/KFOlCnqEu92Fr1MmWUlvAw.ttf]
[fonts.googleapis.com/css2c4ad.css]
[resolveprotocol.site/vc/alert.png]
[fonts.gstatic.com/s/roboto/v30/KFOlCnqEu92Fr1MmYUtvAw.ttf]
